This is pdfTeX, Version 3.141592653-2.6-1.40.28 (MiKTeX 25.12) (preloaded format=pdflatex 2026.6.21)  21 JUN 2026 22:08
entering extended mode
 restricted \write18 enabled.
 %&-line parsing enabled.
**"./Template Report PSM.tex"
(Template Report PSM.tex
LaTeX2e <2025-11-01>
L3 programming layer <2025-12-24>
(C:\Users\user\AppData\Local\Programs\MiKTeX\tex/latex/base\report.cls
Document Class: report 2025/01/22 v1.4n Standard LaTeX document class
(C:\Users\user\AppData\Local\Programs\MiKTeX\tex/latex/base\size12.clo
File: size12.clo 2025/01/22 v1.4n Standard LaTeX file (size option)
)
\c@part=\count275
\c@chapter=\count276
\c@section=\count277
\c@subsection=\count278
\c@subsubsection=\count279
\c@paragraph=\count280
\c@subparagraph=\count281
\c@figure=\count282
\c@table=\count283
\abovecaptionskip=\skip49
\belowcaptionskip=\skip50
\bibindent=\dimen148
)
(C:\Users\user\AppData\Local\Programs\MiKTeX\tex/latex/base\inputenc.sty
Package: inputenc 2024/02/08 v1.3d Input encoding file
\inpenc@prehook=\toks17
\inpenc@posthook=\toks18
)
(C:\Users\user\AppData\Local\Programs\MiKTeX\tex/latex/graphics\graphicx.sty
Package: graphicx 2024/12/31 v1.2e Enhanced LaTeX Graphics (DPC,SPQR)

(C:\Users\user\AppData\Local\Programs\MiKTeX\tex/latex/graphics\keyval.sty
Package: keyval 2022/05/29 v1.15 key=value parser (DPC)
\KV@toks@=\toks19
)
(C:\Users\user\AppData\Local\Programs\MiKTeX\tex/latex/graphics\graphics.sty
Package: graphics 2024/08/06 v1.4g Standard LaTeX Graphics (DPC,SPQR)

(C:\Users\user\AppData\Local\Programs\MiKTeX\tex/latex/graphics\trig.sty
Package: trig 2023/12/02 v1.11 sin cos tan (DPC)
)
(C:\Users\user\AppData\Local\Programs\MiKTeX\tex/latex/graphics-cfg\graphics.cf
g
File: graphics.cfg 2016/06/04 v1.11 sample graphics configuration
)
Package graphics Info: Driver file: pdftex.def on input line 106.

(C:\Users\user\AppData\Local\Programs\MiKTeX\tex/latex/graphics-def\pdftex.def
File: pdftex.def 2025/09/29 v1.2d Graphics/color driver for pdftex
))
\Gin@req@height=\dimen149
\Gin@req@width=\dimen150
) (C:\Users\user\AppData\Local\Programs\MiKTeX\tex/latex/hyperref\hyperref.sty
Package: hyperref 2025-07-12 v7.01o Hypertext links for LaTeX
(C:\Users\user\AppData\Local\Programs\MiKTeX\tex/generic/iftex\iftex.sty
Package: iftex 2024/12/12 v1.0g TeX engine tests
)
(C:\Users\user\AppData\Local\Programs\MiKTeX\tex/latex/kvsetkeys\kvsetkeys.sty
Package: kvsetkeys 2022-10-05 v1.19 Key value parser (HO)
)
(C:\Users\user\AppData\Local\Programs\MiKTeX\tex/generic/kvdefinekeys\kvdefinek
eys.sty
Package: kvdefinekeys 2019-12-19 v1.6 Define keys (HO)
)
(C:\Users\user\AppData\Local\Programs\MiKTeX\tex/generic/pdfescape\pdfescape.st
y
Package: pdfescape 2019/12/09 v1.15 Implements pdfTeX's escape features (HO)
 (C:\Users\user\AppData\Local\Programs\MiKTeX\tex/generic/ltxcmds\ltxcmds.sty
Package: ltxcmds 2023-12-04 v1.26 LaTeX kernel commands for general use (HO)
)
(C:\Users\user\AppData\Local\Programs\MiKTeX\tex/generic/pdftexcmds\pdftexcmds.
sty
Package: pdftexcmds 2020-06-27 v0.33 Utility functions of pdfTeX for LuaTeX (HO
)

(C:\Users\user\AppData\Local\Programs\MiKTeX\tex/generic/infwarerr\infwarerr.st
y
Package: infwarerr 2019/12/03 v1.5 Providing info/warning/error messages (HO)
)
Package pdftexcmds Info: \pdf@primitive is available.
Package pdftexcmds Info: \pdf@ifprimitive is available.
Package pdftexcmds Info: \pdfdraftmode found.
)) (C:\Users\user\AppData\Local\Programs\MiKTeX\tex/latex/hycolor\hycolor.sty
Package: hycolor 2020-01-27 v1.10 Color options for hyperref/bookmark (HO)
) (C:\Users\user\AppData\Local\Programs\MiKTeX\tex/latex/hyperref\nameref.sty
Package: nameref 2025-06-21 v2.57 Cross-referencing by name of section

(C:\Users\user\AppData\Local\Programs\MiKTeX\tex/latex/refcount\refcount.sty
Package: refcount 2019/12/15 v3.6 Data extraction from label references (HO)
)
(C:\Users\user\AppData\Local\Programs\MiKTeX\tex/generic/gettitlestring\gettitl
estring.sty
Package: gettitlestring 2019/12/15 v1.6 Cleanup title references (HO)

(C:\Users\user\AppData\Local\Programs\MiKTeX\tex/latex/kvoptions\kvoptions.sty
Package: kvoptions 2022-06-15 v3.15 Key value format for package options (HO)
))
\c@section@level=\count284
) (C:\Users\user\AppData\Local\Programs\MiKTeX\tex/latex/etoolbox\etoolbox.sty
Package: etoolbox 2025/10/02 v2.5m e-TeX tools for LaTeX (JAW)
\etb@tempcnta=\count285
)
(C:\Users\user\AppData\Local\Programs\MiKTeX\tex/generic/stringenc\stringenc.st
y
Package: stringenc 2019/11/29 v1.12 Convert strings between diff. encodings (HO
)
)
\@linkdim=\dimen151
\Hy@linkcounter=\count286
\Hy@pagecounter=\count287
 (C:\Users\user\AppData\Local\Programs\MiKTeX\tex/latex/hyperref\pd1enc.def
File: pd1enc.def 2025-07-12 v7.01o Hyperref: PDFDocEncoding definition (HO)
Now handling font encoding PD1 ...
... no UTF-8 mapping file for font encoding PD1
)
(C:\Users\user\AppData\Local\Programs\MiKTeX\tex/generic/intcalc\intcalc.sty
Package: intcalc 2019/12/15 v1.3 Expandable calculations with integers (HO)
)
\Hy@SavedSpaceFactor=\count288

(C:\Users\user\AppData\Local\Programs\MiKTeX\tex/latex/hyperref\puenc.def
File: puenc.def 2025-07-12 v7.01o Hyperref: PDF Unicode definition (HO)
Now handling font encoding PU ...
... no UTF-8 mapping file for font encoding PU
)
Package hyperref Info: Hyper figures OFF on input line 4195.
Package hyperref Info: Link nesting OFF on input line 4200.
Package hyperref Info: Hyper index ON on input line 4203.
Package hyperref Info: Plain pages OFF on input line 4210.
Package hyperref Info: Backreferencing OFF on input line 4215.
Package hyperref Info: Implicit mode ON; LaTeX internals redefined.
Package hyperref Info: Bookmarks ON on input line 4462.
\c@Hy@tempcnt=\count289

(C:\Users\user\AppData\Local\Programs\MiKTeX\tex/latex/url\url.sty
\Urlmuskip=\muskip17
Package: url 2013/09/16  ver 3.4  Verb mode for urls, etc.
)
LaTeX Info: Redefining \url on input line 4801.
\XeTeXLinkMargin=\dimen152

(C:\Users\user\AppData\Local\Programs\MiKTeX\tex/generic/bitset\bitset.sty
Package: bitset 2019/12/09 v1.3 Handle bit-vector datatype (HO)

(C:\Users\user\AppData\Local\Programs\MiKTeX\tex/generic/bigintcalc\bigintcalc.
sty
Package: bigintcalc 2019/12/15 v1.5 Expandable calculations on big integers (HO
)
))
\Fld@menulength=\count290
\Field@Width=\dimen153
\Fld@charsize=\dimen154
Package hyperref Info: Hyper figures OFF on input line 6078.
Package hyperref Info: Link nesting OFF on input line 6083.
Package hyperref Info: Hyper index ON on input line 6086.
Package hyperref Info: backreferencing OFF on input line 6093.
Package hyperref Info: Link coloring OFF on input line 6098.
Package hyperref Info: Link coloring with OCG OFF on input line 6103.
Package hyperref Info: PDF/A mode OFF on input line 6108.
\Hy@abspage=\count291
\c@Item=\count292
\c@Hfootnote=\count293
)
Package hyperref Info: Driver (autodetected): hpdftex.

(C:\Users\user\AppData\Local\Programs\MiKTeX\tex/latex/hyperref\hpdftex.def
File: hpdftex.def 2025-07-12 v7.01o Hyperref driver for pdfTeX
\Fld@listcount=\count294
\c@bookmark@seq@number=\count295

(C:\Users\user\AppData\Local\Programs\MiKTeX\tex/latex/rerunfilecheck\rerunfile
check.sty
Package: rerunfilecheck 2025-06-21 v1.11 Rerun checks for auxiliary files (HO)

(C:\Users\user\AppData\Local\Programs\MiKTeX\tex/generic/uniquecounter\uniqueco
unter.sty
Package: uniquecounter 2019/12/15 v1.4 Provide unlimited unique counter (HO)
)
Package uniquecounter Info: New unique counter `rerunfilecheck' on input line 2
84.
)
\Hy@SectionHShift=\skip51
)
(C:\Users\user\AppData\Local\Programs\MiKTeX\tex/latex/setspace\setspace.sty
Package: setspace 2022/12/04 v6.7b set line spacing
)
(C:\Users\user\AppData\Local\Programs\MiKTeX\tex/latex/tools\tabularx.sty
Package: tabularx 2023/12/11 v2.12a `tabularx' package (DPC)

(C:\Users\user\AppData\Local\Programs\MiKTeX\tex/latex/tools\array.sty
Package: array 2025/09/25 v2.6n Tabular extension package (FMi)
\col@sep=\dimen155
\ar@mcellbox=\box53
\extrarowheight=\dimen156
\NC@list=\toks20
\extratabsurround=\skip52
\backup@length=\skip53
\ar@cellbox=\box54
)
\TX@col@width=\dimen157
\TX@old@table=\dimen158
\TX@old@col=\dimen159
\TX@target=\dimen160
\TX@delta=\dimen161
\TX@cols=\count296
\TX@ftn=\toks21
)
(C:\Users\user\AppData\Local\Programs\MiKTeX\tex/latex/ragged2e\ragged2e.sty
Package: ragged2e 2023/06/22 v3.6 ragged2e Package
\CenteringLeftskip=\skip54
\RaggedLeftLeftskip=\skip55
\RaggedRightLeftskip=\skip56
\CenteringRightskip=\skip57
\RaggedLeftRightskip=\skip58
\RaggedRightRightskip=\skip59
\CenteringParfillskip=\skip60
\RaggedLeftParfillskip=\skip61
\RaggedRightParfillskip=\skip62
\JustifyingParfillskip=\skip63
\CenteringParindent=\skip64
\RaggedLeftParindent=\skip65
\RaggedRightParindent=\skip66
\JustifyingParindent=\skip67
)
(C:\Users\user\AppData\Local\Programs\MiKTeX\tex/latex/enumitem\enumitem.sty
Package: enumitem 2025/02/06 v3.11 Customized lists
\labelindent=\skip68
\enit@outerparindent=\dimen162
\enit@toks=\toks22
\enit@inbox=\box55
\enit@count@id=\count297
\enitdp@description=\count298
)
(C:\Users\user\AppData\Local\Programs\MiKTeX\tex/latex/booktabs\booktabs.sty
Package: booktabs 2020/01/12 v1.61803398 Publication quality tables
\heavyrulewidth=\dimen163
\lightrulewidth=\dimen164
\cmidrulewidth=\dimen165
\belowrulesep=\dimen166
\belowbottomsep=\dimen167
\aboverulesep=\dimen168
\abovetopsep=\dimen169
\cmidrulesep=\dimen170
\cmidrulekern=\dimen171
\defaultaddspace=\dimen172
\@cmidla=\count299
\@cmidlb=\count300
\@aboverulesep=\dimen173
\@belowrulesep=\dimen174
\@thisruleclass=\count301
\@lastruleclass=\count302
\@thisrulewidth=\dimen175
)
(C:\Users\user\AppData\Local\Programs\MiKTeX\tex/latex/tocloft\tocloft.sty
Package: tocloft 2017/08/31 v2.3i parameterised ToC, etc., typesetting
Package tocloft Info: The document has chapter divisions on input line 51.
\cftparskip=\skip69
\cftbeforetoctitleskip=\skip70
\cftaftertoctitleskip=\skip71
\cftbeforepartskip=\skip72
\cftpartnumwidth=\skip73
\cftpartindent=\skip74
\cftbeforechapskip=\skip75
\cftchapindent=\skip76
\cftchapnumwidth=\skip77
\cftbeforesecskip=\skip78
\cftsecindent=\skip79
\cftsecnumwidth=\skip80
\cftbeforesubsecskip=\skip81
\cftsubsecindent=\skip82
\cftsubsecnumwidth=\skip83
\cftbeforesubsubsecskip=\skip84
\cftsubsubsecindent=\skip85
\cftsubsubsecnumwidth=\skip86
\cftbeforeparaskip=\skip87
\cftparaindent=\skip88
\cftparanumwidth=\skip89
\cftbeforesubparaskip=\skip90
\cftsubparaindent=\skip91
\cftsubparanumwidth=\skip92
\cftbeforeloftitleskip=\skip93
\cftafterloftitleskip=\skip94
\cftbeforefigskip=\skip95
\cftfigindent=\skip96
\cftfignumwidth=\skip97
\c@lofdepth=\count303
\c@lotdepth=\count304
\cftbeforelottitleskip=\skip98
\cftafterlottitleskip=\skip99
\cftbeforetabskip=\skip100
\cfttabindent=\skip101
\cfttabnumwidth=\skip102
)
(C:\Users\user\AppData\Local\Programs\MiKTeX\tex/latex/l3backend\l3backend-pdft
ex.def
File: l3backend-pdftex.def 2025-10-09 L3 backend support: PDF output (pdfTeX)
\l__color_backend_stack_int=\count305
) (Template Report PSM.aux)
\openout1 = `"Template Report PSM.aux"'.

LaTeX Font Info:    Checking defaults for OML/cmm/m/it on input line 16.
LaTeX Font Info:    ... okay on input line 16.
LaTeX Font Info:    Checking defaults for OMS/cmsy/m/n on input line 16.
LaTeX Font Info:    ... okay on input line 16.
LaTeX Font Info:    Checking defaults for OT1/cmr/m/n on input line 16.
LaTeX Font Info:    ... okay on input line 16.
LaTeX Font Info:    Checking defaults for T1/cmr/m/n on input line 16.
LaTeX Font Info:    ... okay on input line 16.
LaTeX Font Info:    Checking defaults for TS1/cmr/m/n on input line 16.
LaTeX Font Info:    ... okay on input line 16.
LaTeX Font Info:    Checking defaults for OMX/cmex/m/n on input line 16.
LaTeX Font Info:    ... okay on input line 16.
LaTeX Font Info:    Checking defaults for U/cmr/m/n on input line 16.
LaTeX Font Info:    ... okay on input line 16.
LaTeX Font Info:    Checking defaults for PD1/pdf/m/n on input line 16.
LaTeX Font Info:    ... okay on input line 16.
LaTeX Font Info:    Checking defaults for PU/pdf/m/n on input line 16.
LaTeX Font Info:    ... okay on input line 16.

(C:\Users\user\AppData\Local\Programs\MiKTeX\tex/context/base/mkii\supp-pdf.mki
i
[Loading MPS to PDF converter (version 2006.09.02).]
\scratchcounter=\count306
\scratchdimen=\dimen176
\scratchbox=\box56
\nofMPsegments=\count307
\nofMParguments=\count308
\everyMPshowfont=\toks23
\MPscratchCnt=\count309
\MPscratchDim=\dimen177
\MPnumerator=\count310
\makeMPintoPDFobject=\count311
\everyMPtoPDFconversion=\toks24
)
(C:\Users\user\AppData\Local\Programs\MiKTeX\tex/latex/epstopdf-pkg\epstopdf-ba
se.sty
Package: epstopdf-base 2020-01-24 v2.11 Base part for package epstopdf
Package epstopdf-base Info: Redefining graphics rule for `.eps' on input line 4
85.

(C:\Users\user\AppData\Local\Programs\MiKTeX\tex/latex/00miktex\epstopdf-sys.cf
g
File: epstopdf-sys.cfg 2021/03/18 v2.0 Configuration of epstopdf for MiKTeX
))
Package hyperref Info: Link coloring OFF on input line 16.
 (Template Report PSM.out) (Template Report PSM.out)
\@outlinefile=\write3
\openout3 = `"Template Report PSM.out"'.

 [1

{C:/Users/user/AppData/Local/MiKTeX/fonts/map/pdftex/pdftex.map}]
LaTeX Font Info:    External font `cmex10' loaded for size
(Font)              <12> on input line 60.
LaTeX Font Info:    External font `cmex10' loaded for size
(Font)              <8> on input line 60.
LaTeX Font Info:    External font `cmex10' loaded for size
(Font)              <6> on input line 60.
 [2] [3] [4] [5]
Overfull \hbox (18.2953pt too wide) in paragraph at lines 135--136
\OT1/cmr/m/n/12 kog-ni-tif ringan men-je-jaskan se-ba-ha-gian be-sar pop-u-lasi
. Plat-form e-pembelajaran
 []

[6] (Template Report PSM.toc [7])
\tf@toc=\write4
\openout4 = `"Template Report PSM.toc"'.

 [8] (Template Report PSM.lot)
\tf@lot=\write5
\openout5 = `"Template Report PSM.lot"'.

 [9]
(Template Report PSM.lof)
\tf@lof=\write6
\openout6 = `"Template Report PSM.lof"'.

 [10]
Overfull \hbox (32.4426pt too wide) in paragraph at lines 177--177
 []|\OT1/cmr/m/n/12 Adaptive 
 []


Overfull \hbox (9.92616pt too wide) in paragraph at lines 177--177
 \OT1/cmr/m/n/12 Cog- 
 []


Overfull \hbox (4.704pt too wide) in paragraph at lines 177--177
 \OT1/cmr/m/n/12 tive| 
 []


Overfull \hbox (47.29523pt too wide) in paragraph at lines 177--178
 []|\OT1/cmr/m/n/12 Educational 
 []


Overfull \hbox (8.29424pt too wide) in paragraph at lines 177--178
 \OT1/cmr/m/n/12 Skill 
 []


Overfull \hbox (9.27339pt too wide) in paragraph at lines 177--178
 \OT1/cmr/m/n/12 Sup- 
 []


Overfull \hbox (7.64146pt too wide) in paragraph at lines 177--178
 \OT1/cmr/m/n/12 port| 
 []


Overfull \hbox (38.9703pt too wide) in paragraph at lines 178--179
 []|\OT1/cmr/m/n/12 Attention- 
 []


Overfull \hbox (95.9225pt too wide) in paragraph at lines 178--179
 \OT1/cmr/m/n/12 Deficit/Hyperactivity 
 []


Overfull \hbox (6.56232pt too wide) in paragraph at lines 178--179
 \OT1/cmr/m/n/12 Dis- 
 []


Overfull \hbox (2.09291pt too wide) in paragraph at lines 178--179
 \OT1/cmr/m/n/12 der| 
 []


Overfull \hbox (23.36908pt too wide) in paragraph at lines 179--180
 []|\OT1/cmr/m/n/12 Autism 
 []


Overfull \hbox (13.5164pt too wide) in paragraph at lines 179--180
 \OT1/cmr/m/n/12 Spec- 
 []


Overfull \hbox (11.2317pt too wide) in paragraph at lines 179--180
 \OT1/cmr/m/n/12 trum 
 []


Overfull \hbox (6.56232pt too wide) in paragraph at lines 179--180
 \OT1/cmr/m/n/12 Dis- 
 []


Overfull \hbox (2.09291pt too wide) in paragraph at lines 179--180
 \OT1/cmr/m/n/12 der| 
 []


Overfull \hbox (23.79547pt too wide) in paragraph at lines 180--181
 []|\OT1/cmr/m/n/12 Faculty 
 []


Overfull \hbox (3.72484pt too wide) in paragraph at lines 180--181
 \OT1/cmr/m/n/12 for- 
 []


Overfull \hbox (5.35677pt too wide) in paragraph at lines 180--181
 \OT1/cmr/m/n/12 ma- 
 []


Overfull \hbox (6.00954pt too wide) in paragraph at lines 180--181
 \OT1/cmr/m/n/12 tion 
 []


Overfull \hbox (4.704pt too wide) in paragraph at lines 180--181
 \OT1/cmr/m/n/12 and 
 []


Overfull \hbox (13.84279pt too wide) in paragraph at lines 180--181
 \OT1/cmr/m/n/12 Com- 
 []


Overfull \hbox (5.68315pt too wide) in paragraph at lines 180--181
 \OT1/cmr/m/n/12 mu- 
 []


Overfull \hbox (0.78737pt too wide) in paragraph at lines 180--181
 \OT1/cmr/m/n/12 ca- 
 []


Overfull \hbox (6.00954pt too wide) in paragraph at lines 180--181
 \OT1/cmr/m/n/12 tion 
 []


Overfull \hbox (13.84279pt too wide) in paragraph at lines 180--181
 \OT1/cmr/m/n/12 Tech- 
 []


Overfull \hbox (5.35677pt too wide) in paragraph at lines 180--181
 \OT1/cmr/m/n/12 nol- 
 []


Overfull \hbox (3.72484pt too wide) in paragraph at lines 180--181
 \OT1/cmr/m/n/12 ogy| 
 []


Overfull \hbox (30.97595pt too wide) in paragraph at lines 181--182
 []|\OT1/cmr/m/n/12 Learning 
 []


Overfull \hbox (12.85947pt too wide) in paragraph at lines 181--182
 \OT1/cmr/m/n/12 Man- 
 []


Overfull \hbox (6.66231pt too wide) in paragraph at lines 181--182
 \OT1/cmr/m/n/12 age- 
 []


Overfull \hbox (11.55809pt too wide) in paragraph at lines 181--182
 \OT1/cmr/m/n/12 ment 
 []


Overfull \hbox (7.05397pt too wide) in paragraph at lines 181--182
 \OT1/cmr/m/n/12 Sys- 
 []


Overfull \hbox (5.35677pt too wide) in paragraph at lines 181--182
 \OT1/cmr/m/n/12 tem| 
 []


Overfull \hbox (19.87885pt too wide) in paragraph at lines 182--183
 []|\OT1/cmr/m/n/12 Projek 
 []


Overfull \hbox (6.66231pt too wide) in paragraph at lines 182--183
 \OT1/cmr/m/n/12 Sar- 
 []


Overfull \hbox (7.64146pt too wide) in paragraph at lines 182--183
 \OT1/cmr/m/n/12 jana 
 []


Overfull \hbox (15.47055pt too wide) in paragraph at lines 182--183
 \OT1/cmr/m/n/12 Muda| 
 []


Overfull \hbox (24.90518pt too wide) in paragraph at lines 183--184
 []|\OT1/cmr/m/n/12 Persons 
 []


Overfull \hbox (8.62062pt too wide) in paragraph at lines 183--184
 \OT1/cmr/m/n/12 with 
 []


Overfull \hbox (6.56232pt too wide) in paragraph at lines 183--184
 \OT1/cmr/m/n/12 Dis- 
 []


Overfull \hbox (8.62062pt too wide) in paragraph at lines 183--184
 \OT1/cmr/m/n/12 abil- 
 []


Overfull \hbox (3.46373pt too wide) in paragraph at lines 183--184
 \OT1/cmr/m/n/12 ties| 
 []


Overfull \hbox (12.69836pt too wide) in paragraph at lines 184--185
 []|\OT1/cmr/m/n/12 Role- 
 []


Overfull \hbox (16.35388pt too wide) in paragraph at lines 184--185
 \OT1/cmr/m/n/12 Based 
 []


Overfull \hbox (3.72067pt too wide) in paragraph at lines 184--185
 \OT1/cmr/m/n/12 Ac- 
 []


Overfull \hbox (5.48732pt too wide) in paragraph at lines 184--185
 \OT1/cmr/m/n/12 cess 
 []


Overfull \hbox (10.57893pt too wide) in paragraph at lines 184--185
 \OT1/cmr/m/n/12 Con- 
 []


Overfull \hbox (4.05122pt too wide) in paragraph at lines 184--185
 \OT1/cmr/m/n/12 trol| 
 []


Overfull \hbox (13.19002pt too wide) in paragraph at lines 185--186
 []|\OT1/cmr/m/n/12 Text- 
 []


Overfull \hbox (21.02327pt too wide) in paragraph at lines 185--186
 \OT1/cmr/m/n/12 Speech| 
 []


Overfull \hbox (33.81342pt too wide) in paragraph at lines 186--187
 []|\OT1/cmr/m/n/12 Universal 
 []


Overfull \hbox (3.88596pt too wide) in paragraph at lines 186--187
 \OT1/cmr/m/n/12 De- 
 []


Overfull \hbox (6.07481pt too wide) in paragraph at lines 186--187
 \OT1/cmr/m/n/12 sign 
 []


Overfull \hbox (19.22607pt too wide) in paragraph at lines 186--187
 \OT1/cmr/m/n/12 Learn- 
 []


Overfull \hbox (1.44014pt too wide) in paragraph at lines 186--187
 \OT1/cmr/m/n/12 ing| 
 []


Overfull \hbox (8.61646pt too wide) in paragraph at lines 187--188
 []|\OT1/cmr/m/n/12 Web 
 []


Overfull \hbox (10.57893pt too wide) in paragraph at lines 187--188
 \OT1/cmr/m/n/12 Con- 
 []


Overfull \hbox (6.33592pt too wide) in paragraph at lines 187--188
 \OT1/cmr/m/n/12 tent 
 []


Overfull \hbox (3.72067pt too wide) in paragraph at lines 187--188
 \OT1/cmr/m/n/12 Ac- 
 []


Overfull \hbox (4.76927pt too wide) in paragraph at lines 187--188
 \OT1/cmr/m/n/12 ces- 
 []


Overfull \hbox (2.74568pt too wide) in paragraph at lines 187--188
 \OT1/cmr/m/n/12 bil- 
 []


Overfull \hbox (20.45107pt too wide) in paragraph at lines 187--188
 \OT1/cmr/m/n/12 Guide- 
 []


Overfull \hbox (8.6859pt too wide) in paragraph at lines 187--188
 \OT1/cmr/m/n/12 lines| 
 []

[11]
Overfull \vbox (808.49948pt too high) has occurred while \output is active []


[12] [13]
pdfTeX warning (ext4): destination with the same identifier (name{page.1}) has 
been already used, duplicate ignored
<to be read again> 
                   \relax 
l.216 \item \textbf
                   {Absence of Verifiable Skill Tracking:} Employers and dis...
[1

]
pdfTeX warning (ext4): destination with the same identifier (name{page.2}) has 
been already used, duplicate ignored
<to be read again> 
                   \relax 
l.233 \item \textbf
                   {Adaptive Content Recommendation Module:} A rule-based en...
[2]
pdfTeX warning (ext4): destination with the same identifier (name{page.3}) has 
been already used, duplicate ignored
<to be read again> 
                   \relax 
l.249 
       [3]
pdfTeX warning (ext4): destination with the same identifier (name{page.4}) has 
been already used, duplicate ignored
<to be read again> 
                   \relax 
l.251 \newpage
               [4]
pdfTeX warning (ext4): destination with the same identifier (name{page.5}) has 
been already used, duplicate ignored
<to be read again> 
                   \relax 
l.273 \item \textbf
                   {Canvas LMS:} Canvas provides excellent progress tracking...
[5]
Overfull \hbox (0.70103pt too wide) in paragraph at lines 274--275
\OT1/cmr/m/n/12 Class-room re-duces cog-ni-tive load com-pared to en-ter-prise 
sys-tems. How-
 []


pdfTeX warning (ext4): destination with the same identifier (name{page.6}) has 
been already used, duplicate ignored
<to be read again> 
                   \relax 
l.286 
       [6]
pdfTeX warning (ext4): destination with the same identifier (name{page.7}) has 
been already used, duplicate ignored
<to be read again> 
                   \relax 
l.316 
       [7]
Underfull \hbox (badness 10000) in paragraph at lines 326--327
[]|\OT1/cmr/m/n/12 Analyze ac-ces-si-bil-ity re-
 []


Underfull \hbox (badness 1460) in paragraph at lines 334--335
[]|\OT1/cmr/m/n/12 Supabase in-te-gra-tion; de-
 []


LaTeX Warning: Float too large for page by 132.58498pt on input line 346.


LaTeX Warning: `h' float specifier changed to `ht'.


pdfTeX warning (ext4): destination with the same identifier (name{page.8}) has 
been already used, duplicate ignored
<to be read again> 
                   \relax 
l.352 \newpage
               [8]
pdfTeX warning (ext4): destination with the same identifier (name{page.9}) has 
been already used, duplicate ignored
<to be read again> 
                   \relax 
l.377 \item \textbf
                   {User Management:} The system shall allow users to regist...
[9]
Overfull \hbox (10.10501pt too wide) in paragraph at lines 389--390
[]\OT1/cmr/bx/n/12 Performance: \OT1/cmr/m/n/12 Page loads and client-side tran
-si-tions uti-liz-ing the Next.js
 []


pdfTeX warning (ext4): destination with the same identifier (name{page.10}) has
 been already used, duplicate ignored
<to be read again> 
                   \relax 
l.397 \item \textbf
                   {User Profiles and Preferences:} Maintaining records of u...
[10]
Overfull \hbox (4.96454pt too wide) in paragraph at lines 398--399
[]\OT1/cmr/bx/n/12 Course On-tol-ogy: \OT1/cmr/m/n/12 Hi-er-ar-chi-cal stor-age
 of \OT1/cmtt/m/n/12 courses\OT1/cmr/m/n/12 , \OT1/cmtt/m/n/12 course[]chapters
\OT1/cmr/m/n/12 ,
 []


Overfull \hbox (93.10149pt too wide) in paragraph at lines 399--400
\OT1/cmr/m/n/12 ter-ac-tion, stored across \OT1/cmtt/m/n/12 lesson[]progress\OT
1/cmr/m/n/12 , \OT1/cmtt/m/n/12 quiz[]attempts\OT1/cmr/m/n/12 , and \OT1/cmtt/m
/n/12 adaptive[]interactions\OT1/cmr/m/n/12 . 
 []


pdfTeX warning (ext4): destination with the same identifier (name{page.11}) has
 been already used, duplicate ignored
<to be read again> 
                   \relax 
l.406 \newpage
               [11]
<2.jpg, id=293, 622.325pt x 401.5pt>
File: 2.jpg Graphic file (type jpg)
<use 2.jpg>
Package pdftex.def Info: 2.jpg  used on input line 427.
(pdftex.def)             Requested size: 280.80048pt x 181.16344pt.


LaTeX Warning: `h' float specifier changed to `ht'.


Overfull \hbox (18.3464pt too wide) in paragraph at lines 433--434
\OT1/cmr/m/n/12 ily in-flu-enced by Uni-ver-sal De-sign for Learn-ing (UDL). Bu
ilt upon the \OT1/cmtt/m/n/12 shadcn/ui
 []


pdfTeX warning (ext4): destination with the same identifier (name{page.12}) has
 been already used, duplicate ignored
<to be read again> 
                   \relax 
l.437 \item \textbf
                   {Input Design:} Forms incorporate large touch targets, hi...
[12]
File: 2.jpg Graphic file (type jpg)
<use 2.jpg>
Package pdftex.def Info: 2.jpg  used on input line 448.
(pdftex.def)             Requested size: 312.00119pt x 201.28862pt.


LaTeX Warning: `h' float specifier changed to `ht'.


pdfTeX warning (ext4): destination with the same identifier (name{page.13}) has
 been already used, duplicate ignored
<to be read again> 
                   \relax 
l.458 \item \textbf
                   {user\_accessibility\_preferences}: Stores granular setti...
[13 <./2.jpg>]
Overfull \hbox (60.40063pt too wide) in paragraph at lines 458--459
[]\OT1/cmr/bx/n/12 user[]accessibility[]preferences\OT1/cmr/m/n/12 : Stores gra
n-u-lar set-tings (\OT1/cmtt/m/n/12 preferred[]text[]size\OT1/cmr/m/n/12 ,
 []


Overfull \hbox (8.04816pt too wide) in paragraph at lines 458--459
\OT1/cmtt/m/n/12 dyslexia[]friendly[]font\OT1/cmr/m/n/12 , \OT1/cmtt/m/n/12 tex
t[]to[]speech[]enabled\OT1/cmr/m/n/12 ), linked 1-to-1 with
 []


Overfull \hbox (23.26196pt too wide) in paragraph at lines 463--464
[]\OT1/cmr/bx/n/12 certificates\OT1/cmr/m/n/12 : Stores gen-er-ated ver-i-fi-ca
-tion data (\OT1/cmtt/m/n/12 reference[]code\OT1/cmr/m/n/12 , \OT1/cmtt/m/n/12 
pdf[]url\OT1/cmr/m/n/12 )
 []

[14]
Overfull \hbox (1.86574pt too wide) in paragraph at lines 471--472
[]\OT1/cmr/m/n/12 Educator dash-boards rely on ag-gre-gated views com-bin-ing \
OT1/cmtt/m/n/12 enrollments\OT1/cmr/m/n/12 ,
 []

[15] [16] (Template Report PSM.aux)
 ***********
LaTeX2e <2025-11-01>
L3 programming layer <2025-12-24>
 ***********
Package rerunfilecheck Info: File `"Template Report PSM".out' has not changed.
(rerunfilecheck)             Checksum: 20D6D279B1DC2583D0B174704C246EED;4694.
 ) 
Here is how much of TeX's memory you used:
 9548 strings out of 467871
 151489 string characters out of 5418860
 571914 words of memory out of 5000000
 38252 multiletter control sequences out of 15000+600000
 633087 words of font info for 58 fonts, out of 8000000 for 9000
 1141 hyphenation exceptions out of 8191
 75i,11n,79p,1434b,562s stack positions out of 10000i,1000n,20000p,200000b,200000s
 <C:\Users\user\AppData\Local\MiKTeX\fonts/pk/ljfour/jknappen/ec/dpi600\tcrm1
200.pk><C:/Users/user/AppData/Local/Programs/MiKTeX/fonts/type1/public/amsfonts
/cm/cmbx12.pfb><C:/Users/user/AppData/Local/Programs/MiKTeX/fonts/type1/public/
amsfonts/cm/cmr12.pfb><C:/Users/user/AppData/Local/Programs/MiKTeX/fonts/type1/
public/amsfonts/cm/cmtt12.pfb>
Output written on "Template Report PSM.pdf" (29 pages, 170285 bytes).
PDF statistics:
 356 PDF objects out of 1000 (max. 8388607)
 76 named destinations out of 1000 (max. 500000)
 286 words of extra memory for PDF output out of 10000 (max. 10000000)

